[2025-12-18T10:15:13.360+0000] {taskinstance.py:1157} INFO - Dependencies all met for dep_context=non-requeueable deps ti=<TaskInstance: parking_etl_bronce_plata_oro.extract_to_bronce scheduled__2025-12-17T02:00:00+00:00 [queued]>
[2025-12-18T10:15:13.370+0000] {taskinstance.py:1157} INFO - Dependencies all met for dep_context=requeueable deps ti=<TaskInstance: parking_etl_bronce_plata_oro.extract_to_bronce scheduled__2025-12-17T02:00:00+00:00 [queued]>
[2025-12-18T10:15:13.371+0000] {taskinstance.py:1359} INFO - Starting attempt 10 of 10
[2025-12-18T10:15:13.387+0000] {taskinstance.py:1380} INFO - Executing <Task(PythonOperator): extract_to_bronce> on 2025-12-17 02:00:00+00:00
[2025-12-18T10:15:13.396+0000] {standard_task_runner.py:57} INFO - Started process 248 to run task
[2025-12-18T10:15:13.401+0000] {standard_task_runner.py:84} INFO - Running: ['***', 'tasks', 'run', 'parking_etl_bronce_plata_oro', 'extract_to_bronce', 'scheduled__2025-12-17T02:00:00+00:00', '--job-id', '11', '--raw', '--subdir', 'DAGS_FOLDER/parking_etl_dag.py', '--cfg-path', '/tmp/tmp5kpfbsw0']
[2025-12-18T10:15:13.403+0000] {standard_task_runner.py:85} INFO - Job 11: Subtask extract_to_bronce
[2025-12-18T10:15:13.517+0000] {task_command.py:415} INFO - Running <TaskInstance: parking_etl_bronce_plata_oro.extract_to_bronce scheduled__2025-12-17T02:00:00+00:00 [running]> on host 3200c33c88a4
[2025-12-18T10:15:13.680+0000] {taskinstance.py:1660} INFO - Exporting env vars: AIRFLOW_CTX_DAG_OWNER='estudiante_maestria' AIRFLOW_CTX_DAG_ID='parking_etl_bronce_plata_oro' AIRFLOW_CTX_TASK_ID='extract_to_bronce' AIRFLOW_CTX_EXECUTION_DATE='2025-12-17T02:00:00+00:00' AIRFLOW_CTX_TRY_NUMBER='10' AIRFLOW_CTX_DAG_RUN_ID='scheduled__2025-12-17T02:00:00+00:00'
[2025-12-18T10:15:13.682+0000] {logging_mixin.py:151} INFO - Iniciando extracción desde: /opt/***/data/reporte_acceso_tsj_zapopan_2021_2025.csv
[2025-12-18T10:15:13.980+0000] {logging_mixin.py:151} INFO - Error durante la extracción: (psycopg2.errors.InvalidSchemaName) schema "bronce" does not exist
LINE 2: CREATE TABLE bronce.bronce_parking_raw (
                     ^

[SQL: 
CREATE TABLE bronce.bronce_parking_raw (
	raw_record TEXT, 
	source_file TEXT, 
	year BIGINT, 
	fecha DATE, 
	raw_loaded_at TIMESTAMP WITHOUT TIME ZONE
)

]
(Background on this error at: https://sqlalche.me/e/14/f405)
[2025-12-18T10:15:13.980+0000] {taskinstance.py:1935} ERROR - Task failed with exception
Traceback (most recent call last):
  File "/home/airflow/.local/lib/python3.8/site-packages/sqlalchemy/engine/base.py", line 1910, in _execute_context
    self.dialect.do_execute(
  File "/home/airflow/.local/lib/python3.8/site-packages/sqlalchemy/engine/default.py", line 736, in do_execute
    cursor.execute(statement, parameters)
psycopg2.errors.InvalidSchemaName: schema "bronce" does not exist
LINE 2: CREATE TABLE bronce.bronce_parking_raw (
                     ^


The above exception was the direct cause of the following exception:

Traceback (most recent call last):
  File "/home/airflow/.local/lib/python3.8/site-packages/airflow/operators/python.py", line 192, in execute
    return_value = self.execute_callable()
  File "/home/airflow/.local/lib/python3.8/site-packages/airflow/operators/python.py", line 209, in execute_callable
    return self.python_callable(*self.op_args, **self.op_kwargs)
  File "/opt/airflow/scripts/extract_bronce.py", line 38, in extract_to_bronce
    df_bronce.to_sql(
  File "/home/airflow/.local/lib/python3.8/site-packages/pandas/core/generic.py", line 2878, in to_sql
    return sql.to_sql(
  File "/home/airflow/.local/lib/python3.8/site-packages/pandas/io/sql.py", line 769, in to_sql
    return pandas_sql.to_sql(
  File "/home/airflow/.local/lib/python3.8/site-packages/pandas/io/sql.py", line 1910, in to_sql
    table = self.prep_table(
  File "/home/airflow/.local/lib/python3.8/site-packages/pandas/io/sql.py", line 1814, in prep_table
    table.create()
  File "/home/airflow/.local/lib/python3.8/site-packages/pandas/io/sql.py", line 914, in create
    self._execute_create()
  File "/home/airflow/.local/lib/python3.8/site-packages/pandas/io/sql.py", line 900, in _execute_create
    self.table.create(bind=self.pd_sql.con)
  File "/home/airflow/.local/lib/python3.8/site-packages/sqlalchemy/sql/schema.py", line 962, in create
    bind._run_ddl_visitor(ddl.SchemaGenerator, self, checkfirst=checkfirst)
  File "/home/airflow/.local/lib/python3.8/site-packages/sqlalchemy/engine/base.py", line 2221, in _run_ddl_visitor
    visitorcallable(self.dialect, self, **kwargs).traverse_single(element)
  File "/home/airflow/.local/lib/python3.8/site-packages/sqlalchemy/sql/visitors.py", line 524, in traverse_single
    return meth(obj, **kw)
  File "/home/airflow/.local/lib/python3.8/site-packages/sqlalchemy/sql/ddl.py", line 899, in visit_table
    self.connection.execute(
  File "/home/airflow/.local/lib/python3.8/site-packages/sqlalchemy/engine/base.py", line 1385, in execute
    return meth(self, multiparams, params, _EMPTY_EXECUTION_OPTS)
  File "/home/airflow/.local/lib/python3.8/site-packages/sqlalchemy/sql/ddl.py", line 80, in _execute_on_connection
    return connection._execute_ddl(
  File "/home/airflow/.local/lib/python3.8/site-packages/sqlalchemy/engine/base.py", line 1477, in _execute_ddl
    ret = self._execute_context(
  File "/home/airflow/.local/lib/python3.8/site-packages/sqlalchemy/engine/base.py", line 1953, in _execute_context
    self._handle_dbapi_exception(
  File "/home/airflow/.local/lib/python3.8/site-packages/sqlalchemy/engine/base.py", line 2134, in _handle_dbapi_exception
    util.raise_(
  File "/home/airflow/.local/lib/python3.8/site-packages/sqlalchemy/util/compat.py", line 211, in raise_
    raise exception
  File "/home/airflow/.local/lib/python3.8/site-packages/sqlalchemy/engine/base.py", line 1910, in _execute_context
    self.dialect.do_execute(
  File "/home/airflow/.local/lib/python3.8/site-packages/sqlalchemy/engine/default.py", line 736, in do_execute
    cursor.execute(statement, parameters)
sqlalchemy.exc.ProgrammingError: (psycopg2.errors.InvalidSchemaName) schema "bronce" does not exist
LINE 2: CREATE TABLE bronce.bronce_parking_raw (
                     ^

[SQL: 
CREATE TABLE bronce.bronce_parking_raw (
	raw_record TEXT, 
	source_file TEXT, 
	year BIGINT, 
	fecha DATE, 
	raw_loaded_at TIMESTAMP WITHOUT TIME ZONE
)

]
(Background on this error at: https://sqlalche.me/e/14/f405)
[2025-12-18T10:15:14.035+0000] {taskinstance.py:1398} INFO - Marking task as FAILED. dag_id=parking_etl_bronce_plata_oro, task_id=extract_to_bronce, execution_date=20251217T020000, start_date=20251218T101513, end_date=20251218T101514
[2025-12-18T10:15:14.053+0000] {standard_task_runner.py:104} ERROR - Failed to execute job 11 for task extract_to_bronce ((psycopg2.errors.InvalidSchemaName) schema "bronce" does not exist
LINE 2: CREATE TABLE bronce.bronce_parking_raw (
                     ^

[SQL: 
CREATE TABLE bronce.bronce_parking_raw (
	raw_record TEXT, 
	source_file TEXT, 
	year BIGINT, 
	fecha DATE, 
	raw_loaded_at TIMESTAMP WITHOUT TIME ZONE
)

]
(Background on this error at: https://sqlalche.me/e/14/f405); 248)
[2025-12-18T10:15:14.069+0000] {local_task_job_runner.py:228} INFO - Task exited with return code 1
[2025-12-18T10:15:14.113+0000] {taskinstance.py:2776} INFO - 0 downstream tasks scheduled from follow-on schedule check
