[2025-12-18T09:40:16.922+0000] {taskinstance.py:1157} INFO - Dependencies all met for dep_context=non-requeueable deps ti=<TaskInstance: parking_etl_bronce_plata_oro.extract_to_bronce scheduled__2025-12-17T02:00:00+00:00 [queued]>
[2025-12-18T09:40:16.932+0000] {taskinstance.py:1157} INFO - Dependencies all met for dep_context=requeueable deps ti=<TaskInstance: parking_etl_bronce_plata_oro.extract_to_bronce scheduled__2025-12-17T02:00:00+00:00 [queued]>
[2025-12-18T09:40:16.932+0000] {taskinstance.py:1359} INFO - Starting attempt 3 of 5
[2025-12-18T09:40:16.947+0000] {taskinstance.py:1380} INFO - Executing <Task(PythonOperator): extract_to_bronce> on 2025-12-17 02:00:00+00:00
[2025-12-18T09:40:16.956+0000] {standard_task_runner.py:57} INFO - Started process 77 to run task
[2025-12-18T09:40:16.966+0000] {standard_task_runner.py:84} INFO - Running: ['***', 'tasks', 'run', 'parking_etl_bronce_plata_oro', 'extract_to_bronce', 'scheduled__2025-12-17T02:00:00+00:00', '--job-id', '4', '--raw', '--subdir', 'DAGS_FOLDER/parking_etl_dag.py', '--cfg-path', '/tmp/tmp2__oz3nt']
[2025-12-18T09:40:16.968+0000] {standard_task_runner.py:85} INFO - Job 4: Subtask extract_to_bronce
[2025-12-18T09:40:17.219+0000] {task_command.py:415} INFO - Running <TaskInstance: parking_etl_bronce_plata_oro.extract_to_bronce scheduled__2025-12-17T02:00:00+00:00 [running]> on host 3200c33c88a4
[2025-12-18T09:40:17.425+0000] {taskinstance.py:1660} INFO - Exporting env vars: AIRFLOW_CTX_DAG_OWNER='estudiante_maestria' AIRFLOW_CTX_DAG_ID='parking_etl_bronce_plata_oro' AIRFLOW_CTX_TASK_ID='extract_to_bronce' AIRFLOW_CTX_EXECUTION_DATE='2025-12-17T02:00:00+00:00' AIRFLOW_CTX_TRY_NUMBER='3' AIRFLOW_CTX_DAG_RUN_ID='scheduled__2025-12-17T02:00:00+00:00'
[2025-12-18T09:40:17.426+0000] {logging_mixin.py:151} INFO - Iniciando extracción desde: /opt/***/data/reporte_acceso_tsj_zapopan_2021_2025.csv
[2025-12-18T09:40:17.731+0000] {logging_mixin.py:151} INFO - Error durante la extracción: (psycopg2.errors.InvalidSchemaName) schema "bronce" does not exist
LINE 2: CREATE TABLE bronce.bronce_parking_raw (
                     ^

[SQL: 
CREATE TABLE bronce.bronce_parking_raw (
	raw_record TEXT, 
	source_file TEXT, 
	year BIGINT, 
	fecha DATE, 
	raw_loaded_at TIMESTAMP WITHOUT TIME ZONE
)

]
(Background on this error at: https://sqlalche.me/e/14/f405)
[2025-12-18T09:40:17.732+0000] {taskinstance.py:1935} ERROR - Task failed with exception
Traceback (most recent call last):
  File "/home/airflow/.local/lib/python3.8/site-packages/sqlalchemy/engine/base.py", line 1910, in _execute_context
    self.dialect.do_execute(
  File "/home/airflow/.local/lib/python3.8/site-packages/sqlalchemy/engine/default.py", line 736, in do_execute
    cursor.execute(statement, parameters)
psycopg2.errors.InvalidSchemaName: schema "bronce" does not exist
LINE 2: CREATE TABLE bronce.bronce_parking_raw (
                     ^


The above exception was the direct cause of the following exception:

Traceback (most recent call last):
  File "/home/airflow/.local/lib/python3.8/site-packages/airflow/operators/python.py", line 192, in execute
    return_value = self.execute_callable()
  File "/home/airflow/.local/lib/python3.8/site-packages/airflow/operators/python.py", line 209, in execute_callable
    return self.python_callable(*self.op_args, **self.op_kwargs)
  File "/opt/airflow/scripts/extract_bronce.py", line 38, in extract_to_bronce
    df_bronce.to_sql(
  File "/home/airflow/.local/lib/python3.8/site-packages/pandas/core/generic.py", line 2878, in to_sql
    return sql.to_sql(
  File "/home/airflow/.local/lib/python3.8/site-packages/pandas/io/sql.py", line 769, in to_sql
    return pandas_sql.to_sql(
  File "/home/airflow/.local/lib/python3.8/site-packages/pandas/io/sql.py", line 1910, in to_sql
    table = self.prep_table(
  File "/home/airflow/.local/lib/python3.8/site-packages/pandas/io/sql.py", line 1814, in prep_table
    table.create()
  File "/home/airflow/.local/lib/python3.8/site-packages/pandas/io/sql.py", line 914, in create
    self._execute_create()
  File "/home/airflow/.local/lib/python3.8/site-packages/pandas/io/sql.py", line 900, in _execute_create
    self.table.create(bind=self.pd_sql.con)
  File "/home/airflow/.local/lib/python3.8/site-packages/sqlalchemy/sql/schema.py", line 962, in create
    bind._run_ddl_visitor(ddl.SchemaGenerator, self, checkfirst=checkfirst)
  File "/home/airflow/.local/lib/python3.8/site-packages/sqlalchemy/engine/base.py", line 2221, in _run_ddl_visitor
    visitorcallable(self.dialect, self, **kwargs).traverse_single(element)
  File "/home/airflow/.local/lib/python3.8/site-packages/sqlalchemy/sql/visitors.py", line 524, in traverse_single
    return meth(obj, **kw)
  File "/home/airflow/.local/lib/python3.8/site-packages/sqlalchemy/sql/ddl.py", line 899, in visit_table
    self.connection.execute(
  File "/home/airflow/.local/lib/python3.8/site-packages/sqlalchemy/engine/base.py", line 1385, in execute
    return meth(self, multiparams, params, _EMPTY_EXECUTION_OPTS)
  File "/home/airflow/.local/lib/python3.8/site-packages/sqlalchemy/sql/ddl.py", line 80, in _execute_on_connection
    return connection._execute_ddl(
  File "/home/airflow/.local/lib/python3.8/site-packages/sqlalchemy/engine/base.py", line 1477, in _execute_ddl
    ret = self._execute_context(
  File "/home/airflow/.local/lib/python3.8/site-packages/sqlalchemy/engine/base.py", line 1953, in _execute_context
    self._handle_dbapi_exception(
  File "/home/airflow/.local/lib/python3.8/site-packages/sqlalchemy/engine/base.py", line 2134, in _handle_dbapi_exception
    util.raise_(
  File "/home/airflow/.local/lib/python3.8/site-packages/sqlalchemy/util/compat.py", line 211, in raise_
    raise exception
  File "/home/airflow/.local/lib/python3.8/site-packages/sqlalchemy/engine/base.py", line 1910, in _execute_context
    self.dialect.do_execute(
  File "/home/airflow/.local/lib/python3.8/site-packages/sqlalchemy/engine/default.py", line 736, in do_execute
    cursor.execute(statement, parameters)
sqlalchemy.exc.ProgrammingError: (psycopg2.errors.InvalidSchemaName) schema "bronce" does not exist
LINE 2: CREATE TABLE bronce.bronce_parking_raw (
                     ^

[SQL: 
CREATE TABLE bronce.bronce_parking_raw (
	raw_record TEXT, 
	source_file TEXT, 
	year BIGINT, 
	fecha DATE, 
	raw_loaded_at TIMESTAMP WITHOUT TIME ZONE
)

]
(Background on this error at: https://sqlalche.me/e/14/f405)
[2025-12-18T09:40:17.781+0000] {taskinstance.py:1398} INFO - Marking task as UP_FOR_RETRY. dag_id=parking_etl_bronce_plata_oro, task_id=extract_to_bronce, execution_date=20251217T020000, start_date=20251218T094016, end_date=20251218T094017
[2025-12-18T09:40:17.801+0000] {standard_task_runner.py:104} ERROR - Failed to execute job 4 for task extract_to_bronce ((psycopg2.errors.InvalidSchemaName) schema "bronce" does not exist
LINE 2: CREATE TABLE bronce.bronce_parking_raw (
                     ^

[SQL: 
CREATE TABLE bronce.bronce_parking_raw (
	raw_record TEXT, 
	source_file TEXT, 
	year BIGINT, 
	fecha DATE, 
	raw_loaded_at TIMESTAMP WITHOUT TIME ZONE
)

]
(Background on this error at: https://sqlalche.me/e/14/f405); 77)
[2025-12-18T09:40:17.847+0000] {local_task_job_runner.py:228} INFO - Task exited with return code 1
[2025-12-18T09:40:17.906+0000] {taskinstance.py:2776} INFO - 0 downstream tasks scheduled from follow-on schedule check
[2025-12-18T11:33:01.174+0000] {taskinstance.py:1157} INFO - Dependencies all met for dep_context=non-requeueable deps ti=<TaskInstance: parking_etl_bronce_plata_oro.extract_to_bronce scheduled__2025-12-17T02:00:00+00:00 [queued]>
[2025-12-18T11:33:01.185+0000] {taskinstance.py:1157} INFO - Dependencies all met for dep_context=requeueable deps ti=<TaskInstance: parking_etl_bronce_plata_oro.extract_to_bronce scheduled__2025-12-17T02:00:00+00:00 [queued]>
[2025-12-18T11:33:01.186+0000] {taskinstance.py:1359} INFO - Starting attempt 3 of 5
[2025-12-18T11:33:01.202+0000] {taskinstance.py:1380} INFO - Executing <Task(PythonOperator): extract_to_bronce> on 2025-12-17 02:00:00+00:00
[2025-12-18T11:33:01.210+0000] {standard_task_runner.py:57} INFO - Started process 285 to run task
[2025-12-18T11:33:01.218+0000] {standard_task_runner.py:84} INFO - Running: ['airflow', 'tasks', 'run', 'parking_etl_bronce_plata_oro', 'extract_to_bronce', 'scheduled__2025-12-17T02:00:00+00:00', '--job-id', '4', '--raw', '--subdir', 'DAGS_FOLDER/parking_etl_dag.py', '--cfg-path', '/tmp/tmpxy7qa1vy']
[2025-12-18T11:33:01.224+0000] {standard_task_runner.py:85} INFO - Job 4: Subtask extract_to_bronce
[2025-12-18T11:33:01.568+0000] {task_command.py:415} INFO - Running <TaskInstance: parking_etl_bronce_plata_oro.extract_to_bronce scheduled__2025-12-17T02:00:00+00:00 [running]> on host e193503772aa
[2025-12-18T11:33:01.773+0000] {taskinstance.py:1660} INFO - Exporting env vars: AIRFLOW_CTX_DAG_OWNER='estudiante_maestria' AIRFLOW_CTX_DAG_ID='parking_etl_bronce_plata_oro' AIRFLOW_CTX_TASK_ID='extract_to_bronce' AIRFLOW_CTX_EXECUTION_DATE='2025-12-17T02:00:00+00:00' AIRFLOW_CTX_TRY_NUMBER='3' AIRFLOW_CTX_DAG_RUN_ID='scheduled__2025-12-17T02:00:00+00:00'
[2025-12-18T11:33:01.778+0000] {logging_mixin.py:151} INFO - Iniciando extracción desde: /opt/airflow/data/reporte_acceso_tsj_zapopan_2021_2025.csv
[2025-12-18T11:33:03.590+0000] {logging_mixin.py:151} INFO - Chunk 1 procesado: 5000 registros insertados.
[2025-12-18T11:33:04.563+0000] {logging_mixin.py:151} INFO - Chunk 2 procesado: 5000 registros insertados.
[2025-12-18T11:33:05.448+0000] {logging_mixin.py:151} INFO - Chunk 3 procesado: 5000 registros insertados.
[2025-12-18T11:33:06.342+0000] {logging_mixin.py:151} INFO - Chunk 4 procesado: 5000 registros insertados.
[2025-12-18T11:33:07.323+0000] {logging_mixin.py:151} INFO - Chunk 5 procesado: 5000 registros insertados.
[2025-12-18T11:33:08.389+0000] {logging_mixin.py:151} INFO - Chunk 6 procesado: 5000 registros insertados.
[2025-12-18T11:33:09.193+0000] {logging_mixin.py:151} INFO - Chunk 7 procesado: 5000 registros insertados.
[2025-12-18T11:33:10.158+0000] {logging_mixin.py:151} INFO - Chunk 8 procesado: 5000 registros insertados.
[2025-12-18T11:33:11.135+0000] {logging_mixin.py:151} INFO - Chunk 9 procesado: 5000 registros insertados.
[2025-12-18T11:33:12.040+0000] {logging_mixin.py:151} INFO - Chunk 10 procesado: 5000 registros insertados.
[2025-12-18T11:33:13.127+0000] {logging_mixin.py:151} INFO - Chunk 11 procesado: 5000 registros insertados.
[2025-12-18T11:33:14.161+0000] {logging_mixin.py:151} INFO - Chunk 12 procesado: 5000 registros insertados.
[2025-12-18T11:33:15.112+0000] {logging_mixin.py:151} INFO - Chunk 13 procesado: 5000 registros insertados.
[2025-12-18T11:33:16.038+0000] {logging_mixin.py:151} INFO - Chunk 14 procesado: 5000 registros insertados.
[2025-12-18T11:33:16.822+0000] {logging_mixin.py:151} INFO - Chunk 15 procesado: 5000 registros insertados.
[2025-12-18T11:33:17.847+0000] {logging_mixin.py:151} INFO - Chunk 16 procesado: 5000 registros insertados.
[2025-12-18T11:33:18.649+0000] {logging_mixin.py:151} INFO - Chunk 17 procesado: 5000 registros insertados.
[2025-12-18T11:33:19.522+0000] {logging_mixin.py:151} INFO - Chunk 18 procesado: 5000 registros insertados.
[2025-12-18T11:33:19.876+0000] {logging_mixin.py:151} INFO - Chunk 19 procesado: 2525 registros insertados.
[2025-12-18T11:33:19.877+0000] {logging_mixin.py:151} INFO - --- Extracción a Capa Bronce finalizada con éxito ---
[2025-12-18T11:33:19.878+0000] {python.py:194} INFO - Done. Returned value was: None
[2025-12-18T11:33:19.898+0000] {taskinstance.py:1398} INFO - Marking task as SUCCESS. dag_id=parking_etl_bronce_plata_oro, task_id=extract_to_bronce, execution_date=20251217T020000, start_date=20251218T113301, end_date=20251218T113319
[2025-12-18T11:33:19.950+0000] {local_task_job_runner.py:228} INFO - Task exited with return code 0
[2025-12-18T11:33:19.992+0000] {taskinstance.py:2776} INFO - 1 downstream tasks scheduled from follow-on schedule check
