[2025-12-18T11:38:26.430+0000] {taskinstance.py:1157} INFO - Dependencies all met for dep_context=non-requeueable deps ti=<TaskInstance: parking_etl_bronce_plata_oro.transform_to_silver scheduled__2025-12-17T02:00:00+00:00 [queued]>
[2025-12-18T11:38:26.442+0000] {taskinstance.py:1157} INFO - Dependencies all met for dep_context=requeueable deps ti=<TaskInstance: parking_etl_bronce_plata_oro.transform_to_silver scheduled__2025-12-17T02:00:00+00:00 [queued]>
[2025-12-18T11:38:26.443+0000] {taskinstance.py:1359} INFO - Starting attempt 2 of 3
[2025-12-18T11:38:26.459+0000] {taskinstance.py:1380} INFO - Executing <Task(PythonOperator): transform_to_silver> on 2025-12-17 02:00:00+00:00
[2025-12-18T11:38:26.467+0000] {standard_task_runner.py:57} INFO - Started process 351 to run task
[2025-12-18T11:38:26.472+0000] {standard_task_runner.py:84} INFO - Running: ['airflow', 'tasks', 'run', 'parking_etl_bronce_plata_oro', 'transform_to_silver', 'scheduled__2025-12-17T02:00:00+00:00', '--job-id', '6', '--raw', '--subdir', 'DAGS_FOLDER/parking_etl_dag.py', '--cfg-path', '/tmp/tmpexnp63sd']
[2025-12-18T11:38:26.477+0000] {standard_task_runner.py:85} INFO - Job 6: Subtask transform_to_silver
[2025-12-18T11:38:26.586+0000] {task_command.py:415} INFO - Running <TaskInstance: parking_etl_bronce_plata_oro.transform_to_silver scheduled__2025-12-17T02:00:00+00:00 [running]> on host e193503772aa
[2025-12-18T11:38:26.750+0000] {taskinstance.py:1660} INFO - Exporting env vars: AIRFLOW_CTX_DAG_OWNER='estudiante_maestria' AIRFLOW_CTX_DAG_ID='parking_etl_bronce_plata_oro' AIRFLOW_CTX_TASK_ID='transform_to_silver' AIRFLOW_CTX_EXECUTION_DATE='2025-12-17T02:00:00+00:00' AIRFLOW_CTX_TRY_NUMBER='2' AIRFLOW_CTX_DAG_RUN_ID='scheduled__2025-12-17T02:00:00+00:00'
[2025-12-18T11:38:26.753+0000] {logging_mixin.py:151} INFO - Iniciando transformación: Bronce -> Plata
[2025-12-18T11:38:26.804+0000] {taskinstance.py:1935} ERROR - Task failed with exception
Traceback (most recent call last):
  File "/home/airflow/.local/lib/python3.11/site-packages/sqlalchemy/engine/base.py", line 1910, in _execute_context
    self.dialect.do_execute(
  File "/home/airflow/.local/lib/python3.11/site-packages/sqlalchemy/engine/default.py", line 736, in do_execute
    cursor.execute(statement, parameters)
psycopg2.errors.UndefinedColumn: column "id" does not exist
LINE 1: SELECT id, raw_record FROM bronce.bronce_parking_raw
               ^


The above exception was the direct cause of the following exception:

Traceback (most recent call last):
  File "/home/airflow/.local/lib/python3.11/site-packages/airflow/operators/python.py", line 192, in execute
    return_value = self.execute_callable()
                   ^^^^^^^^^^^^^^^^^^^^^^^
  File "/home/airflow/.local/lib/python3.11/site-packages/airflow/operators/python.py", line 209, in execute_callable
    return self.python_callable(*self.op_args, **self.op_kwargs)
           ^^^^^^^^^^^^^^^^^^^^^^^^^^^^^^^^^^^^^^^^^^^^^^^^^^^^^
  File "/opt/airflow/scripts/transform_silver.py", line 15, in transform_to_silver
    df_raw = pd.read_sql(query, engine)
             ^^^^^^^^^^^^^^^^^^^^^^^^^^
  File "/home/airflow/.local/lib/python3.11/site-packages/pandas/io/sql.py", line 682, in read_sql
    return pandas_sql.read_query(
           ^^^^^^^^^^^^^^^^^^^^^^
  File "/home/airflow/.local/lib/python3.11/site-packages/pandas/io/sql.py", line 1776, in read_query
    result = self.execute(sql, params)
             ^^^^^^^^^^^^^^^^^^^^^^^^^
  File "/home/airflow/.local/lib/python3.11/site-packages/pandas/io/sql.py", line 1599, in execute
    return self.con.exec_driver_sql(sql, *args)
           ^^^^^^^^^^^^^^^^^^^^^^^^^^^^^^^^^^^^
  File "/home/airflow/.local/lib/python3.11/site-packages/sqlalchemy/engine/base.py", line 1770, in exec_driver_sql
    return self._exec_driver_sql(
           ^^^^^^^^^^^^^^^^^^^^^^
  File "/home/airflow/.local/lib/python3.11/site-packages/sqlalchemy/engine/base.py", line 1674, in _exec_driver_sql
    ret = self._execute_context(
          ^^^^^^^^^^^^^^^^^^^^^^
  File "/home/airflow/.local/lib/python3.11/site-packages/sqlalchemy/engine/base.py", line 1953, in _execute_context
    self._handle_dbapi_exception(
  File "/home/airflow/.local/lib/python3.11/site-packages/sqlalchemy/engine/base.py", line 2134, in _handle_dbapi_exception
    util.raise_(
  File "/home/airflow/.local/lib/python3.11/site-packages/sqlalchemy/util/compat.py", line 211, in raise_
    raise exception
  File "/home/airflow/.local/lib/python3.11/site-packages/sqlalchemy/engine/base.py", line 1910, in _execute_context
    self.dialect.do_execute(
  File "/home/airflow/.local/lib/python3.11/site-packages/sqlalchemy/engine/default.py", line 736, in do_execute
    cursor.execute(statement, parameters)
sqlalchemy.exc.ProgrammingError: (psycopg2.errors.UndefinedColumn) column "id" does not exist
LINE 1: SELECT id, raw_record FROM bronce.bronce_parking_raw
               ^

[SQL: SELECT id, raw_record FROM bronce.bronce_parking_raw]
(Background on this error at: https://sqlalche.me/e/14/f405)
[2025-12-18T11:38:26.838+0000] {taskinstance.py:1398} INFO - Marking task as UP_FOR_RETRY. dag_id=parking_etl_bronce_plata_oro, task_id=transform_to_silver, execution_date=20251217T020000, start_date=20251218T113826, end_date=20251218T113826
[2025-12-18T11:38:26.860+0000] {standard_task_runner.py:104} ERROR - Failed to execute job 6 for task transform_to_silver ((psycopg2.errors.UndefinedColumn) column "id" does not exist
LINE 1: SELECT id, raw_record FROM bronce.bronce_parking_raw
               ^

[SQL: SELECT id, raw_record FROM bronce.bronce_parking_raw]
(Background on this error at: https://sqlalche.me/e/14/f405); 351)
[2025-12-18T11:38:26.898+0000] {local_task_job_runner.py:228} INFO - Task exited with return code 1
[2025-12-18T11:38:26.939+0000] {taskinstance.py:2776} INFO - 0 downstream tasks scheduled from follow-on schedule check
